  main.cpp
c:\users\yabushita_maki\documents\github\dxlib_vc\dx_vc\effekseer.h(1024): warning C4100: 'rhs': 引数は関数の本体部で 1 度も参照されません。
c:\users\yabushita_maki\documents\github\dxlib_vc\dx_vc\effekseer.h(2588): warning C4100: 'isDynamic': 引数は関数の本体部で 1 度も参照されません。
c:\users\yabushita_maki\documents\github\dxlib_vc\dx_vc\effekseer.h(2588): warning C4100: 'initialData': 引数は関数の本体部で 1 度も参照されません。
c:\users\yabushita_maki\documents\github\dxlib_vc\dx_vc\effekseer.h(2588): warning C4100: 'size': 引数は関数の本体部で 1 度も参照されません。
c:\users\yabushita_maki\documents\github\dxlib_vc\dx_vc\effekseer.h(2600): warning C4100: 'stride': 引数は関数の本体部で 1 度も参照されません。
c:\users\yabushita_maki\documents\github\dxlib_vc\dx_vc\effekseer.h(2600): warning C4100: 'initialData': 引数は関数の本体部で 1 度も参照されません。
c:\users\yabushita_maki\documents\github\dxlib_vc\dx_vc\effekseer.h(2600): warning C4100: 'elementCount': 引数は関数の本体部で 1 度も参照されません。
c:\users\yabushita_maki\documents\github\dxlib_vc\dx_vc\effekseer.h(2613): warning C4100: 'data': 引数は関数の本体部で 1 度も参照されません。
c:\users\yabushita_maki\documents\github\dxlib_vc\dx_vc\effekseer.h(2613): warning C4100: 'offset': 引数は関数の本体部で 1 度も参照されません。
c:\users\yabushita_maki\documents\github\dxlib_vc\dx_vc\effekseer.h(2613): warning C4100: 'size': 引数は関数の本体部で 1 度も参照されません。
c:\users\yabushita_maki\documents\github\dxlib_vc\dx_vc\effekseer.h(2613): warning C4100: 'buffer': 引数は関数の本体部で 1 度も参照されません。
c:\users\yabushita_maki\documents\github\dxlib_vc\dx_vc\effekseer.h(2626): warning C4100: 'data': 引数は関数の本体部で 1 度も参照されません。
c:\users\yabushita_maki\documents\github\dxlib_vc\dx_vc\effekseer.h(2626): warning C4100: 'offset': 引数は関数の本体部で 1 度も参照されません。
c:\users\yabushita_maki\documents\github\dxlib_vc\dx_vc\effekseer.h(2626): warning C4100: 'size': 引数は関数の本体部で 1 度も参照されません。
c:\users\yabushita_maki\documents\github\dxlib_vc\dx_vc\effekseer.h(2626): warning C4100: 'buffer': 引数は関数の本体部で 1 度も参照されません。
c:\users\yabushita_maki\documents\github\dxlib_vc\dx_vc\effekseer.h(2639): warning C4100: 'data': 引数は関数の本体部で 1 度も参照されません。
c:\users\yabushita_maki\documents\github\dxlib_vc\dx_vc\effekseer.h(2639): warning C4100: 'offset': 引数は関数の本体部で 1 度も参照されません。
c:\users\yabushita_maki\documents\github\dxlib_vc\dx_vc\effekseer.h(2639): warning C4100: 'size': 引数は関数の本体部で 1 度も参照されません。
c:\users\yabushita_maki\documents\github\dxlib_vc\dx_vc\effekseer.h(2639): warning C4100: 'buffer': 引数は関数の本体部で 1 度も参照されません。
c:\users\yabushita_maki\documents\github\dxlib_vc\dx_vc\effekseer.h(2649): warning C4100: 'elementCount': 引数は関数の本体部で 1 度も参照されません。
c:\users\yabushita_maki\documents\github\dxlib_vc\dx_vc\effekseer.h(2649): warning C4100: 'elements': 引数は関数の本体部で 1 度も参照されません。
c:\users\yabushita_maki\documents\github\dxlib_vc\dx_vc\effekseer.h(2660): warning C4100: 'initialData': 引数は関数の本体部で 1 度も参照されません。
c:\users\yabushita_maki\documents\github\dxlib_vc\dx_vc\effekseer.h(2660): warning C4100: 'size': 引数は関数の本体部で 1 度も参照されません。
c:\users\yabushita_maki\documents\github\dxlib_vc\dx_vc\effekseer.h(2665): warning C4100: 'param': 引数は関数の本体部で 1 度も参照されません。
c:\users\yabushita_maki\documents\github\dxlib_vc\dx_vc\effekseer.h(2670): warning C4100: 'depthFormat': 引数は関数の本体部で 1 度も参照されません。
c:\users\yabushita_maki\documents\github\dxlib_vc\dx_vc\effekseer.h(2670): warning C4100: 'formatCount': 引数は関数の本体部で 1 度も参照されません。
c:\users\yabushita_maki\documents\github\dxlib_vc\dx_vc\effekseer.h(2670): warning C4100: 'formats': 引数は関数の本体部で 1 度も参照されません。
c:\users\yabushita_maki\documents\github\dxlib_vc\dx_vc\effekseer.h(2675): warning C4100: 'depthTexture': 引数は関数の本体部で 1 度も参照されません。
c:\users\yabushita_maki\documents\github\dxlib_vc\dx_vc\effekseer.h(2675): warning C4100: 'textures': 引数は関数の本体部で 1 度も参照されません。
c:\users\yabushita_maki\documents\github\dxlib_vc\dx_vc\effekseer.h(2680): warning C4100: 'param': 引数は関数の本体部で 1 度も参照されません。
c:\users\yabushita_maki\documents\github\dxlib_vc\dx_vc\effekseer.h(2685): warning C4100: 'param': 引数は関数の本体部で 1 度も参照されません。
c:\users\yabushita_maki\documents\github\dxlib_vc\dx_vc\effekseer.h(2690): warning C4100: 'param': 引数は関数の本体部で 1 度も参照されません。
c:\users\yabushita_maki\documents\github\dxlib_vc\dx_vc\effekseer.h(2700): warning C4100: 'key': 引数は関数の本体部で 1 度も参照されません。
c:\users\yabushita_maki\documents\github\dxlib_vc\dx_vc\effekseer.h(2705): warning C4100: 'psCode': 引数は関数の本体部で 1 度も参照されません。
c:\users\yabushita_maki\documents\github\dxlib_vc\dx_vc\effekseer.h(2705): warning C4100: 'vsCode': 引数は関数の本体部で 1 度も参照されません。
c:\users\yabushita_maki\documents\github\dxlib_vc\dx_vc\effekseer.h(2710): warning C4100: 'psDataSize': 引数は関数の本体部で 1 度も参照されません。
c:\users\yabushita_maki\documents\github\dxlib_vc\dx_vc\effekseer.h(2710): warning C4100: 'psData': 引数は関数の本体部で 1 度も参照されません。
c:\users\yabushita_maki\documents\github\dxlib_vc\dx_vc\effekseer.h(2710): warning C4100: 'vsDataSize': 引数は関数の本体部で 1 度も参照されません。
c:\users\yabushita_maki\documents\github\dxlib_vc\dx_vc\effekseer.h(2710): warning C4100: 'vsData': 引数は関数の本体部で 1 度も参照されません。
c:\users\yabushita_maki\documents\github\dxlib_vc\dx_vc\effekseer.h(2726): warning C4100: 'drawParam': 引数は関数の本体部で 1 度も参照されません。
c:\users\yabushita_maki\documents\github\dxlib_vc\dx_vc\effekseer.h(2730): warning C4100: 'clearColor': 引数は関数の本体部で 1 度も参照されません。
c:\users\yabushita_maki\documents\github\dxlib_vc\dx_vc\effekseer.h(2730): warning C4100: 'isDepthCleared': 引数は関数の本体部で 1 度も参照されません。
c:\users\yabushita_maki\documents\github\dxlib_vc\dx_vc\effekseer.h(2730): warning C4100: 'isColorCleared': 引数は関数の本体部で 1 度も参照されません。
c:\users\yabushita_maki\documents\github\dxlib_vc\dx_vc\effekseer.h(2730): warning C4100: 'renderPass': 引数は関数の本体部で 1 度も参照されません。
c:\users\yabushita_maki\documents\github\dxlib_vc\dx_vc\effekseer.modules.h(146): warning C4100: 'userData': 引数は関数の本体部で 1 度も参照されません。
c:\users\yabushita_maki\documents\github\dxlib_vc\dx_vc\effekseer.modules.h(146): warning C4100: 'count': 引数は関数の本体部で 1 度も参照されません。
c:\users\yabushita_maki\documents\github\dxlib_vc\dx_vc\effekseer.modules.h(146): warning C4100: 'parameter': 引数は関数の本体部で 1 度も参照されません。
c:\users\yabushita_maki\documents\github\dxlib_vc\dx_vc\effekseer.modules.h(150): warning C4100: 'userData': 引数は関数の本体部で 1 度も参照されません。
c:\users\yabushita_maki\documents\github\dxlib_vc\dx_vc\effekseer.modules.h(150): warning C4100: 'instanceParameter': 引数は関数の本体部で 1 度も参照されません。
c:\users\yabushita_maki\documents\github\dxlib_vc\dx_vc\effekseer.modules.h(150): warning C4100: 'parameter': 引数は関数の本体部で 1 度も参照されません。
c:\users\yabushita_maki\documents\github\dxlib_vc\dx_vc\effekseer.modules.h(154): warning C4100: 'userData': 引数は関数の本体部で 1 度も参照されません。
c:\users\yabushita_maki\documents\github\dxlib_vc\dx_vc\effekseer.modules.h(154): warning C4100: 'parameter': 引数は関数の本体部で 1 度も参照されません。
c:\users\yabushita_maki\documents\github\dxlib_vc\dx_vc\effekseer.modules.h(253): warning C4100: 'userData': 引数は関数の本体部で 1 度も参照されません。
c:\users\yabushita_maki\documents\github\dxlib_vc\dx_vc\effekseer.modules.h(253): warning C4100: 'count': 引数は関数の本体部で 1 度も参照されません。
c:\users\yabushita_maki\documents\github\dxlib_vc\dx_vc\effekseer.modules.h(253): warning C4100: 'parameter': 引数は関数の本体部で 1 度も参照されません。
c:\users\yabushita_maki\documents\github\dxlib_vc\dx_vc\effekseer.modules.h(257): warning C4100: 'userData': 引数は関数の本体部で 1 度も参照されません。
c:\users\yabushita_maki\documents\github\dxlib_vc\dx_vc\effekseer.modules.h(257): warning C4100: 'instanceParameter': 引数は関数の本体部で 1 度も参照されません。
c:\users\yabushita_maki\documents\github\dxlib_vc\dx_vc\effekseer.modules.h(257): warning C4100: 'parameter': 引数は関数の本体部で 1 度も参照されません。
c:\users\yabushita_maki\documents\github\dxlib_vc\dx_vc\effekseer.modules.h(261): warning C4100: 'userData': 引数は関数の本体部で 1 度も参照されません。
c:\users\yabushita_maki\documents\github\dxlib_vc\dx_vc\effekseer.modules.h(261): warning C4100: 'parameter': 引数は関数の本体部で 1 度も参照されません。
c:\users\yabushita_maki\documents\github\dxlib_vc\dx_vc\effekseer.modules.h(265): warning C4100: 'userData': 引数は関数の本体部で 1 度も参照されません。
c:\users\yabushita_maki\documents\github\dxlib_vc\dx_vc\effekseer.modules.h(265): warning C4100: 'count': 引数は関数の本体部で 1 度も参照されません。
c:\users\yabushita_maki\documents\github\dxlib_vc\dx_vc\effekseer.modules.h(265): warning C4100: 'parameter': 引数は関数の本体部で 1 度も参照されません。
c:\users\yabushita_maki\documents\github\dxlib_vc\dx_vc\effekseer.modules.h(269): warning C4100: 'userData': 引数は関数の本体部で 1 度も参照されません。
c:\users\yabushita_maki\documents\github\dxlib_vc\dx_vc\effekseer.modules.h(269): warning C4100: 'count': 引数は関数の本体部で 1 度も参照されません。
c:\users\yabushita_maki\documents\github\dxlib_vc\dx_vc\effekseer.modules.h(269): warning C4100: 'parameter': 引数は関数の本体部で 1 度も参照されません。
c:\users\yabushita_maki\documents\github\dxlib_vc\dx_vc\effekseer.modules.h(368): warning C4100: 'userData': 引数は関数の本体部で 1 度も参照されません。
c:\users\yabushita_maki\documents\github\dxlib_vc\dx_vc\effekseer.modules.h(368): warning C4100: 'count': 引数は関数の本体部で 1 度も参照されません。
c:\users\yabushita_maki\documents\github\dxlib_vc\dx_vc\effekseer.modules.h(368): warning C4100: 'parameter': 引数は関数の本体部で 1 度も参照されません。
c:\users\yabushita_maki\documents\github\dxlib_vc\dx_vc\effekseer.modules.h(372): warning C4100: 'userData': 引数は関数の本体部で 1 度も参照されません。
c:\users\yabushita_maki\documents\github\dxlib_vc\dx_vc\effekseer.modules.h(372): warning C4100: 'instanceParameter': 引数は関数の本体部で 1 度も参照されません。
c:\users\yabushita_maki\documents\github\dxlib_vc\dx_vc\effekseer.modules.h(372): warning C4100: 'parameter': 引数は関数の本体部で 1 度も参照されません。
c:\users\yabushita_maki\documents\github\dxlib_vc\dx_vc\effekseer.modules.h(376): warning C4100: 'userData': 引数は関数の本体部で 1 度も参照されません。
c:\users\yabushita_maki\documents\github\dxlib_vc\dx_vc\effekseer.modules.h(376): warning C4100: 'parameter': 引数は関数の本体部で 1 度も参照されません。
c:\users\yabushita_maki\documents\github\dxlib_vc\dx_vc\effekseer.modules.h(472): warning C4100: 'userData': 引数は関数の本体部で 1 度も参照されません。
c:\users\yabushita_maki\documents\github\dxlib_vc\dx_vc\effekseer.modules.h(472): warning C4100: 'count': 引数は関数の本体部で 1 度も参照されません。
c:\users\yabushita_maki\documents\github\dxlib_vc\dx_vc\effekseer.modules.h(472): warning C4100: 'parameter': 引数は関数の本体部で 1 度も参照されません。
c:\users\yabushita_maki\documents\github\dxlib_vc\dx_vc\effekseer.modules.h(476): warning C4100: 'userData': 引数は関数の本体部で 1 度も参照されません。
c:\users\yabushita_maki\documents\github\dxlib_vc\dx_vc\effekseer.modules.h(476): warning C4100: 'instanceParameter': 引数は関数の本体部で 1 度も参照されません。
c:\users\yabushita_maki\documents\github\dxlib_vc\dx_vc\effekseer.modules.h(476): warning C4100: 'parameter': 引数は関数の本体部で 1 度も参照されません。
c:\users\yabushita_maki\documents\github\dxlib_vc\dx_vc\effekseer.modules.h(480): warning C4100: 'userData': 引数は関数の本体部で 1 度も参照されません。
c:\users\yabushita_maki\documents\github\dxlib_vc\dx_vc\effekseer.modules.h(480): warning C4100: 'parameter': 引数は関数の本体部で 1 度も参照されません。
c:\users\yabushita_maki\documents\github\dxlib_vc\dx_vc\effekseer.modules.h(592): warning C4100: 'userData': 引数は関数の本体部で 1 度も参照されません。
c:\users\yabushita_maki\documents\github\dxlib_vc\dx_vc\effekseer.modules.h(592): warning C4100: 'count': 引数は関数の本体部で 1 度も参照されません。
c:\users\yabushita_maki\documents\github\dxlib_vc\dx_vc\effekseer.modules.h(592): warning C4100: 'parameter': 引数は関数の本体部で 1 度も参照されません。
c:\users\yabushita_maki\documents\github\dxlib_vc\dx_vc\effekseer.modules.h(596): warning C4100: 'userData': 引数は関数の本体部で 1 度も参照されません。
c:\users\yabushita_maki\documents\github\dxlib_vc\dx_vc\effekseer.modules.h(596): warning C4100: 'instanceParameter': 引数は関数の本体部で 1 度も参照されません。
c:\users\yabushita_maki\documents\github\dxlib_vc\dx_vc\effekseer.modules.h(596): warning C4100: 'parameter': 引数は関数の本体部で 1 度も参照されません。
c:\users\yabushita_maki\documents\github\dxlib_vc\dx_vc\effekseer.modules.h(600): warning C4100: 'userData': 引数は関数の本体部で 1 度も参照されません。
c:\users\yabushita_maki\documents\github\dxlib_vc\dx_vc\effekseer.modules.h(600): warning C4100: 'parameter': 引数は関数の本体部で 1 度も参照されません。
c:\users\yabushita_maki\documents\github\dxlib_vc\dx_vc\effekseer.modules.h(604): warning C4100: 'userData': 引数は関数の本体部で 1 度も参照されません。
c:\users\yabushita_maki\documents\github\dxlib_vc\dx_vc\effekseer.modules.h(604): warning C4100: 'count': 引数は関数の本体部で 1 度も参照されません。
c:\users\yabushita_maki\documents\github\dxlib_vc\dx_vc\effekseer.modules.h(604): warning C4100: 'parameter': 引数は関数の本体部で 1 度も参照されません。
c:\users\yabushita_maki\documents\github\dxlib_vc\dx_vc\effekseer.modules.h(608): warning C4100: 'userData': 引数は関数の本体部で 1 度も参照されません。
c:\users\yabushita_maki\documents\github\dxlib_vc\dx_vc\effekseer.modules.h(608): warning C4100: 'count': 引数は関数の本体部で 1 度も参照されません。
c:\users\yabushita_maki\documents\github\dxlib_vc\dx_vc\effekseer.modules.h(608): warning C4100: 'parameter': 引数は関数の本体部で 1 度も参照されません。
c:\users\yabushita_maki\documents\github\dxlib_vc\dx_vc\effekseer.modules.h(734): warning C4100: 'textureType': 引数は関数の本体部で 1 度も参照されません。
c:\users\yabushita_maki\documents\github\dxlib_vc\dx_vc\effekseer.modules.h(734): warning C4100: 'path': 引数は関数の本体部で 1 度も参照されません。
c:\users\yabushita_maki\documents\github\dxlib_vc\dx_vc\effekseer.modules.h(759): warning C4100: 'isMipMapEnabled': 引数は関数の本体部で 1 度も参照されません。
c:\users\yabushita_maki\documents\github\dxlib_vc\dx_vc\effekseer.modules.h(759): warning C4100: 'textureType': 引数は関数の本体部で 1 度も参照されません。
c:\users\yabushita_maki\documents\github\dxlib_vc\dx_vc\effekseer.modules.h(759): warning C4100: 'size': 引数は関数の本体部で 1 度も参照されません。
c:\users\yabushita_maki\documents\github\dxlib_vc\dx_vc\effekseer.modules.h(759): warning C4100: 'data': 引数は関数の本体部で 1 度も参照されません。
c:\users\yabushita_maki\documents\github\dxlib_vc\dx_vc\effekseer.modules.h(1001): warning C4100: 'path': 引数は関数の本体部で 1 度も参照されません。
c:\users\yabushita_maki\documents\github\dxlib_vc\dx_vc\effekseer.modules.h(1023): warning C4100: 'fileType': 引数は関数の本体部で 1 度も参照されません。
c:\users\yabushita_maki\documents\github\dxlib_vc\dx_vc\effekseer.modules.h(1023): warning C4100: 'size': 引数は関数の本体部で 1 度も参照されません。
c:\users\yabushita_maki\documents\github\dxlib_vc\dx_vc\effekseer.modules.h(1023): warning C4100: 'data': 引数は関数の本体部で 1 度も参照されません。
c:\users\yabushita_maki\documents\github\dxlib_vc\dx_vc\effekseer.modules.h(1623): warning C4100: 'path': 引数は関数の本体部で 1 度も参照されません。
c:\users\yabushita_maki\documents\github\dxlib_vc\dx_vc\effekseer.modules.h(1642): warning C4100: 'size': 引数は関数の本体部で 1 度も参照されません。
c:\users\yabushita_maki\documents\github\dxlib_vc\dx_vc\effekseer.modules.h(1642): warning C4100: 'data': 引数は関数の本体部で 1 度も参照されません。
c:\users\yabushita_maki\documents\github\dxlib_vc\dx_vc\effekseerrendererdx11.h(89): warning C4100: 'renderer': 引数は関数の本体部で 1 度も参照されません。
c:\users\yabushita_maki\documents\github\movie_tes\tankflanker\tankflanker\main.cpp(3): warning C4100: 'nShowCmd': 引数は関数の本体部で 1 度も参照されません。
c:\users\yabushita_maki\documents\github\movie_tes\tankflanker\tankflanker\main.cpp(3): warning C4100: 'lpCmdLine': 引数は関数の本体部で 1 度も参照されません。
c:\users\yabushita_maki\documents\github\movie_tes\tankflanker\tankflanker\main.cpp(3): warning C4100: 'hPrevInstance': 引数は関数の本体部で 1 度も参照されません。
c:\users\yabushita_maki\documents\github\movie_tes\tankflanker\tankflanker\main.cpp(3): warning C4100: 'hInstance': 引数は関数の本体部で 1 度も参照されません。
c:\users\yabushita_maki\documents\github\dxlib_vc\dx_vc\dxlib_ref\dxlib_vec.hpp(77): warning C4505: 'Hit_Capsule_Tri': 参照されていないローカル関数は削除されました。
c:\users\yabushita_maki\documents\github\dxlib_vc\dx_vc\dxlib_ref\dxlib_vec.hpp(80): warning C4505: 'Segment_Point_MinLen': 参照されていないローカル関数は削除されました。
c:\users\yabushita_maki\documents\github\dxlib_vc\dx_vc\dxlib_ref\dxlib_ref.h(156): warning C4505: 'WStringToString': 参照されていないローカル関数は削除されました。
c:\users\yabushita_maki\documents\github\dxlib_vc\dx_vc\dxlib_ref\dxlib_ref.h(171): warning C4505: 'StringToWString': 参照されていないローカル関数は削除されました。
  TankFlanker.vcxproj -> C:\Users\Yabushita_Maki\Documents\GitHub\Movie_Tes\TankFlanker\x64\Debug\FPS_n2.exe
